# JRE version: OpenJDK Runtime Environment Temurin-21.0.9+10 (21.0.9+10) (build 21.0.9+10-LTS)
# Java VM: OpenJDK 64-Bit Server VM Temurin-21.0.9+10 (21.0.9+10-LTS, mixed mode, sharing, tiered, compressed oops, compressed class ptrs, g1 gc, windows-amd64)
GC Precious Log:
 CardTable entry size: 512
 Card Set container configuration: InlinePtr #cards 5 size 8 Array Of Cards #cards 12 size 40 Howl #buckets 4 coarsen threshold 1843 Howl Bitmap #cards 512 size 80 coarsen threshold 460 Card regions per heap region 1 cards per card region 2048
 CPUs: 8 total, 8 available
 Memory: 7541M
 Large Page Support: Disabled
 NUMA Support: Disabled
 Compressed Oops: Enabled (32-bit)
 Heap Region Size: 1M
 Heap Min Capacity: 8M
 Heap Initial Capacity: 118M
 Heap Max Capacity: 1886M
 Pre-touch: Disabled
 Parallel Workers: 8
 Concurrent Workers: 2
 Concurrent Refinement Workers: 8
 Periodic GC: Disabled
Heap:
 garbage-first heap   total 71680K, used 46787K [0x000000008a200000, 0x0000000100000000)
  region size 1024K, 5 young (5120K), 3 survivors (3072K)
 Metaspace       used 63803K, committed 64768K, reserved 1114112K
  class space    used 8346K, committed 8768K, reserved 1048576K
GC Heap History (20 events):
Event: 26.018 GC heap before
{Heap before GC invocations=26 (full 0):
 garbage-first heap   total 58368K, used 51780K [0x000000008a200000, 0x0000000100000000)
  region size 1024K, 20 young (20480K), 2 survivors (2048K)
 Metaspace       used 54028K, committed 54784K, reserved 1114112K
  class space    used 7083K, committed 7424K, reserved 1048576K
}
Event: 26.023 GC heap after
{Heap after GC invocations=27 (full 0):
 garbage-first heap   total 58368K, used 36003K [0x000000008a200000, 0x0000000100000000)
  region size 1024K, 3 young (3072K), 3 survivors (3072K)
 Metaspace       used 54028K, committed 54784K, reserved 1114112K
  class space    used 7083K, committed 7424K, reserved 1048576K
}
Event: 26.181 GC heap before
{Heap before GC invocations=28 (full 0):
 garbage-first heap   total 61440K, used 52387K [0x000000008a200000, 0x0000000100000000)
  region size 1024K, 19 young (19456K), 3 survivors (3072K)
 Metaspace       used 54196K, committed 54912K, reserved 1114112K
  class space    used 7094K, committed 7424K, reserved 1048576K
}
Event: 26.185 GC heap after
{Heap after GC invocations=29 (full 0):
 garbage-first heap   total 61440K, used 36505K [0x000000008a200000, 0x0000000100000000)
  region size 1024K, 2 young (2048K), 2 survivors (2048K)
 Metaspace       used 54196K, committed 54912K, reserved 1114112K
  class space    used 7094K, committed 7424K, reserved 1048576K
}
Event: 26.761 GC heap before
{Heap before GC invocations=29 (full 0):
 garbage-first heap   total 61440K, used 55961K [0x000000008a200000, 0x0000000100000000)
  region size 1024K, 21 young (21504K), 2 survivors (2048K)
 Metaspace       used 55345K, committed 56064K, reserved 1114112K
  class space    used 7220K, committed 7552K, reserved 1048576K
}
Event: 26.766 GC heap after
{Heap after GC invocations=30 (full 0):
 garbage-first heap   total 61440K, used 36818K [0x000000008a200000, 0x0000000100000000)
  region size 1024K, 2 young (2048K), 2 survivors (2048K)
 Metaspace       used 55345K, committed 56064K, reserved 1114112K
  class space    used 7220K, committed 7552K, reserved 1048576K
}
Event: 27.487 GC heap before
{Heap before GC invocations=30 (full 0):
 garbage-first heap   total 61440K, used 55250K [0x000000008a200000, 0x0000000100000000)
  region size 1024K, 20 young (20480K), 2 survivors (2048K)
 Metaspace       used 56912K, committed 57728K, reserved 1114112K
  class space    used 7418K, committed 7808K, reserved 1048576K
}
Event: 27.491 GC heap after
{Heap after GC invocations=31 (full 0):
 garbage-first heap   total 61440K, used 38799K [0x000000008a200000, 0x0000000100000000)
  region size 1024K, 3 young (3072K), 3 survivors (3072K)
 Metaspace       used 56912K, committed 57728K, reserved 1114112K
  class space    used 7418K, committed 7808K, reserved 1048576K
}
Event: 27.796 GC heap before
{Heap before GC invocations=32 (full 0):
 garbage-first heap   total 65536K, used 56207K [0x000000008a200000, 0x0000000100000000)
  region size 1024K, 20 young (20480K), 3 survivors (3072K)
 Metaspace       used 57504K, committed 58304K, reserved 1114112K
  class space    used 7457K, committed 7808K, reserved 1048576K
}
Event: 27.801 GC heap after
{Heap after GC invocations=33 (full 0):
 garbage-first heap   total 65536K, used 40263K [0x000000008a200000, 0x0000000100000000)
  region size 1024K, 2 young (2048K), 2 survivors (2048K)
 Metaspace       used 57504K, committed 58304K, reserved 1114112K
  class space    used 7457K, committed 7808K, reserved 1048576K
}
Event: 28.265 GC heap before
{Heap before GC invocations=33 (full 0):
 garbage-first heap   total 65536K, used 59719K [0x000000008a200000, 0x0000000100000000)
  region size 1024K, 21 young (21504K), 2 survivors (2048K)
 Metaspace       used 59026K, committed 59776K, reserved 1114112K
  class space    used 7652K, committed 8000K, reserved 1048576K
}
Event: 28.269 GC heap after
{Heap after GC invocations=34 (full 0):
 garbage-first heap   total 65536K, used 40848K [0x000000008a200000, 0x0000000100000000)
  region size 1024K, 3 young (3072K), 3 survivors (3072K)
 Metaspace       used 59026K, committed 59776K, reserved 1114112K
  class space    used 7652K, committed 8000K, reserved 1048576K
}
Event: 29.010 GC heap before
{Heap before GC invocations=34 (full 0):
 garbage-first heap   total 65536K, used 59280K [0x000000008a200000, 0x0000000100000000)
  region size 1024K, 21 young (21504K), 3 survivors (3072K)
 Metaspace       used 60446K, committed 61184K, reserved 1114112K
  class space    used 7845K, committed 8192K, reserved 1048576K
}
Event: 29.015 GC heap after
{Heap after GC invocations=35 (full 0):
 garbage-first heap   total 65536K, used 42708K [0x000000008a200000, 0x0000000100000000)
  region size 1024K, 3 young (3072K), 3 survivors (3072K)
 Metaspace       used 60446K, committed 61184K, reserved 1114112K
  class space    used 7845K, committed 8192K, reserved 1048576K
}
Event: 29.209 GC heap before
{Heap before GC invocations=36 (full 0):
 garbage-first heap   total 71680K, used 59092K [0x000000008a200000, 0x0000000100000000)
  region size 1024K, 20 young (20480K), 3 survivors (3072K)
 Metaspace       used 60699K, committed 61504K, reserved 1114112K
  class space    used 7878K, committed 8256K, reserved 1048576K
}
Event: 29.213 GC heap after
{Heap after GC invocations=37 (full 0):
 garbage-first heap   total 71680K, used 43054K [0x000000008a200000, 0x0000000100000000)
  region size 1024K, 1 young (1024K), 1 survivors (1024K)
 Metaspace       used 60699K, committed 61504K, reserved 1114112K
  class space    used 7878K, committed 8256K, reserved 1048576K
}
Event: 30.193 GC heap before
{Heap before GC invocations=37 (full 0):
 garbage-first heap   total 71680K, used 65582K [0x000000008a200000, 0x0000000100000000)
  region size 1024K, 23 young (23552K), 1 survivors (1024K)
 Metaspace       used 61765K, committed 62592K, reserved 1114112K
  class space    used 8061K, committed 8448K, reserved 1048576K
}
Event: 30.198 GC heap after
{Heap after GC invocations=38 (full 0):
 garbage-first heap   total 71680K, used 43927K [0x000000008a200000, 0x0000000100000000)
  region size 1024K, 2 young (2048K), 2 survivors (2048K)
 Metaspace       used 61765K, committed 62592K, reserved 1114112K
  class space    used 8061K, committed 8448K, reserved 1048576K
}
Event: 31.882 GC heap before
{Heap before GC invocations=38 (full 0):
 garbage-first heap   total 71680K, used 66455K [0x000000008a200000, 0x0000000100000000)
  region size 1024K, 24 young (24576K), 2 survivors (2048K)
 Metaspace       used 63759K, committed 64704K, reserved 1114112K
  class space    used 8341K, committed 8768K, reserved 1048576K
}
Event: 31.887 GC heap after
{Heap after GC invocations=39 (full 0):
 garbage-first heap   total 71680K, used 45763K [0x000000008a200000, 0x0000000100000000)
  region size 1024K, 3 young (3072K), 3 survivors (3072K)
 Metaspace       used 63759K, committed 64704K, reserved 1114112K
  class space    used 8341K, committed 8768K, reserved 1048576K
}

